[2014-03-14 11:29:19] START
[2014-03-14 11:39:04] EDIT init/views/layout.html: 7
[2014-03-14 11:41:42] EDIT init/views/layout.html: -4
[2014-03-14 11:47:29] EDIT init/views/layout.html: -1
[2014-03-14 11:49:31] EDIT init/views/layout.html: 0
[2014-03-14 11:50:02] EDIT init/views/layout.html: 1
[2014-03-14 11:50:33] EDIT init/views/layout.html: -1
[2014-03-14 11:50:57] EDIT init/views/layout.html: 0
[2014-03-14 11:50:59] EDIT init/views/layout.html: 0
[2014-03-14 11:55:09] EDIT init/views/layout.html: -6
[2014-03-14 11:58:37] EDIT init/models/menu.py: 0
[2014-03-14 11:59:08] EDIT init/models/menu.py: 0
[2014-03-14 12:03:47] EDIT init/models/menu.py: 0
[2014-03-14 12:15:13] EDIT init/models/menu.py: 14
[2014-03-14 12:16:20] EDIT init/models/menu.py: 0
[2014-03-14 12:19:42] EDIT init/models/menu.py: 113
[2014-03-14 12:58:12] EDIT init/models/menu.py: 27
[2014-03-14 13:02:47] EDIT init/models/menu.py: 0
[2014-03-14 13:09:54] EDIT init/models/menu.py: -229
[2014-03-14 13:13:16] EDIT init/models/menu.py: -1
[2014-03-14 13:25:55] EDIT init/controllers/default.py: 0
[2014-03-14 13:29:46] EDIT init/controllers/default.py: 0
[2014-03-14 13:33:20] EDIT init/controllers/default.py: 0
[2014-03-14 13:41:27] EDIT init/models/menu.py: 12
[2014-03-14 13:46:51] EDIT init/views/default/index.html: -3
[2014-03-14 13:47:16] EDIT init/views/default/index.html: 2
[2014-03-14 13:48:22] EDIT init/views/default/index.html: -10
[2014-03-14 14:12:27] EDIT init/views/default/index.html: -5
[2014-03-14 14:13:17] EDIT init/views/default/index.html: 0
[2014-03-14 14:14:15] EDIT init/views/default/index.html: 0
[2014-03-14 14:17:53] EDIT init/views/default/index.html: 0
[2014-03-14 14:18:38] EDIT init/views/default/index.html: 0
[2014-03-14 14:22:50] EDIT init/views/default/index.html: 0
[2014-03-14 14:23:03] EDIT init/views/default/index.html: 0
[2014-03-14 14:23:14] EDIT init/views/default/index.html: 0
[2014-03-14 14:27:03] EDIT init/views/default/index.html: 0
[2014-03-14 14:27:18] EDIT init/views/default/index.html: 0
[2014-03-14 14:29:21] EDIT init/views/default/index.html: 10
[2014-03-14 14:30:08] EDIT init/views/default/index.html: 0
[2014-03-14 14:31:56] EDIT init/views/default/index.html: 0
[2014-03-14 14:34:01] EDIT init/views/default/index.html: 2
[2014-03-14 14:34:58] EDIT init/views/default/index.html: 0
[2014-03-14 14:36:00] EDIT init/views/default/index.html: 0
[2014-03-14 14:40:25] EDIT init/views/default/index.html: 8
[2014-03-14 14:41:13] EDIT init/views/default/index.html: 24
[2014-03-14 14:42:43] EDIT init/views/default/index.html: 0
[2014-03-14 14:47:35] CREATE default/commitee.html: 0
[2014-03-14 14:49:13] DELETE init/views/default/commitee.html: -3
[2014-03-14 14:49:28] CREATE default/departments.html: 0
[2014-03-14 14:52:03] EDIT init/models/menu.py: -1
[2014-03-14 14:52:35] CREATE default/departments_network.html: 0
[2014-03-14 14:52:51] CREATE departments_service.html: 0
[2014-03-14 14:53:17] CREATE default/departments_service.html: 0
[2014-03-14 14:53:29] CREATE default/departments_rights.html: 0
[2014-03-14 14:53:39] CREATE default/departments_dorm.html: 0
[2014-03-14 14:53:49] CREATE default/departments_office.html: 0
[2014-03-14 14:53:58] CREATE default/departments_jiayuan.html: 0
[2014-03-14 14:54:08] CREATE default/departments_publicity.html: 0
[2014-03-14 14:54:19] DELETE init/views/departments_service.html: -3
[2014-03-14 14:55:59] EDIT init/controllers/default.py: 16
[2014-03-14 15:00:13] CREATE default/activities.html: 0
[2014-03-14 15:00:38] EDIT init/controllers/default.py: 2
[2014-03-14 15:01:08] EDIT init/models/menu.py: 0
[2014-03-14 15:02:15] EDIT init/controllers/default.py: 2
[2014-03-14 15:02:28] CREATE default/joinus.html: 0
[2014-03-14 15:03:04] EDIT init/models/menu.py: 0
[2014-03-14 15:10:01] EDIT init/views/default/joinus.html: 0
[2014-03-14 15:15:00] EDIT init/views/default/index.html: 0
[2014-03-14 15:15:50] EDIT init/views/default/index.html: 0
[2014-03-14 15:16:54] EDIT init/views/default/index.html: 0
[2014-03-14 15:21:57] EDIT init/controllers/default.py: 2
[2014-03-14 15:22:34] CREATE default/service_fixpc.html: 0
[2014-03-14 15:22:43] EDIT init/controllers/default.py: 0
[2014-03-14 15:23:07] EDIT init/models/menu.py: 0
[2014-03-14 15:28:18] EDIT init/controllers/default.py: 8
[2014-03-14 15:29:55] EDIT init/models/db.py: 50
[2014-03-14 15:31:15] EDIT init/models/db.py: 0
[2014-03-14 15:31:45] EDIT init/controllers/default.py: 0
[2014-03-14 15:33:26] EDIT init/models/db.py: 0
[2014-03-14 15:34:07] EDIT init/models/db.py: 0
[2014-03-14 15:41:01] EDIT init/views/default/departments.html: 8
[2014-03-14 15:41:12] EDIT init/views/default/departments.html: 0
[2014-03-14 15:41:49] EDIT init/views/default/service_fixpc.html: 8
[2014-03-14 15:44:36] EDIT init/views/default/service_fixpc.html: 14
[2014-03-14 15:48:11] EDIT init/views/default/service_fixpc.html: 0
[2014-03-14 15:54:32] EDIT init/controllers/default.py: 11
[2014-03-14 15:56:45] EDIT init/controllers/default.py: 55
[2014-03-14 15:57:39] EDIT init/controllers/default.py: 0
[2014-03-14 15:58:23] EDIT init/controllers/default.py: 0
[2014-03-14 15:59:45] EDIT init/views/default/service_fixpc.html: 0
[2014-03-14 16:01:34] EDIT init/models/db.py: 0
[2014-03-14 16:18:11] EDIT init/views/default/index.html: 0
[2014-03-14 16:20:57] EDIT init/models/menu.py: 0
[2014-03-14 16:21:47] EDIT init/views/default/index.html: 0
[2014-03-14 16:27:37] EDIT init/views/default/index.html: 0
[2014-03-14 16:44:09] EDIT init/views/default/index.html: 2
[2014-03-14 16:54:19] EDIT init/views/default/index.html: -6
[2014-03-14 16:54:58] EDIT init/views/default/index.html: 0
[2014-03-14 16:55:59] EDIT init/models/menu.py: -20
[2014-03-14 16:58:43] EDIT init/views/layout.html: 0
[2014-03-14 17:10:04] EDIT init/views/layout.html: 11
[2014-03-14 17:11:31] EDIT init/views/layout.html: 0
[2014-03-14 17:12:46] EDIT init/views/layout.html: 0
[2014-03-14 17:13:28] EDIT init/views/layout.html: 0
[2014-03-14 17:14:17] EDIT init/views/layout.html: 0
[2014-03-14 17:14:27] EDIT init/views/layout.html: 0
[2014-03-14 17:15:10] EDIT init/views/layout.html: 0
[2014-03-14 17:15:21] EDIT init/views/layout.html: 0
[2014-03-14 17:16:19] EDIT init/views/layout.html: 0
[2014-03-14 17:16:45] EDIT init/views/layout.html: 0
[2014-03-14 17:18:39] EDIT init/views/layout.html: 2
[2014-03-14 17:20:19] EDIT init/views/layout.html: 2
[2014-03-14 17:22:04] EDIT init/views/layout.html: 0
[2014-03-14 17:23:18] EDIT init/models/menu.py: 0
[2014-03-14 17:59:16] EDIT init/views/default/index.html: 20
[2014-03-14 17:59:46] EDIT init/views/default/index.html: 1
[2014-03-14 18:01:53] EDIT init/views/default/index.html: 0
[2014-03-14 18:03:15] EDIT init/views/default/index.html: 0
[2014-03-14 18:04:32] EDIT init/views/default/index.html: 1
[2014-03-14 18:06:22] EDIT init/views/default/index.html: 0
[2014-03-14 18:07:14] EDIT init/views/default/index.html: 0
[2014-03-14 18:07:28] EDIT init/views/default/index.html: 0
[2014-03-14 18:22:40] EDIT init/views/default/index.html: 0
[2014-03-14 18:25:53] EDIT init/views/default/departments.html: 10
[2014-03-14 18:26:41] EDIT init/views/default/departments.html: 0
[2014-03-14 18:30:59] EDIT init/views/default/departments.html: 36
[2014-03-14 18:31:47] EDIT init/views/default/departments.html: 0
[2014-03-14 18:38:06] EDIT init/views/default/departments.html: 5
[2014-03-14 18:40:07] EDIT init/views/default/departments.html: 0
[2014-03-14 18:42:30] EDIT init/views/default/departments.html: 2
[2014-03-14 18:44:03] EDIT init/views/default/departments.html: -2
[2014-03-14 18:44:48] EDIT init/views/default/departments.html: 0
[2014-03-14 18:47:17] EDIT init/views/default/departments.html: 1
[2014-03-14 18:48:06] EDIT init/views/default/departments.html: 0
[2014-03-14 18:48:36] EDIT init/views/default/departments.html: 0
[2014-03-14 18:49:36] EDIT init/views/default/departments.html: 0
[2014-03-14 18:50:25] EDIT init/views/default/departments.html: 0
[2014-03-14 18:51:14] EDIT init/views/default/departments.html: -2
[2014-03-14 18:51:29] EDIT init/views/default/departments.html: 0
[2014-03-14 18:54:03] EDIT init/views/default/departments.html: 0
[2014-03-14 18:55:07] EDIT init/views/default/departments.html: 1
[2014-03-14 19:00:32] EDIT init/views/default/departments.html: 27
[2014-03-14 19:08:35] EDIT init/views/default/departments.html: 0
[2014-03-14 19:09:09] EDIT init/views/default/departments.html: 0
[2014-03-14 19:10:14] EDIT init/views/default/departments.html: 0
[2014-03-14 19:31:59] EDIT init/views/default/activities.html: 97
[2014-03-14 19:39:31] EDIT init/views/default/activities.html: 1
[2014-03-14 19:40:47] EDIT init/views/default/activities.html: 0
[2014-03-14 19:41:39] EDIT init/views/default/activities.html: 0
[2014-03-14 19:41:55] EDIT init/views/default/activities.html: 0
[2014-03-14 19:44:21] EDIT init/views/default/activities.html: 0
[2014-03-14 19:46:55] EDIT init/views/default/departments.html: 0
[2014-03-14 19:50:30] EDIT init/views/default/activities.html: 0
[2014-03-14 19:51:31] EDIT init/views/default/departments.html: -2
[2014-03-14 19:51:58] EDIT init/views/default/activities.html: 0
[2014-03-14 19:53:02] EDIT init/views/default/activities.html: 0
[2014-03-14 19:53:35] EDIT init/views/default/activities.html: 0
[2014-03-14 19:55:19] EDIT init/views/default/activities.html: 2
[2014-03-14 19:56:17] EDIT init/views/default/activities.html: -2
[2014-03-14 19:56:45] EDIT init/views/default/activities.html: 0
[2014-03-14 19:56:58] EDIT init/views/default/activities.html: 0
[2014-03-14 19:57:25] EDIT init/views/default/activities.html: 0
[2014-03-14 19:59:09] EDIT init/views/default/activities.html: 2
[2014-03-14 19:59:22] EDIT init/views/default/activities.html: 0
[2014-03-14 20:01:36] EDIT init/views/default/departments.html: 4
[2014-03-14 20:02:16] CREATE default/service.html: 0
[2014-03-14 20:16:25] EDIT init/views/default/service.html: 19
[2014-03-14 20:17:52] EDIT init/controllers/default.py: -14
[2014-03-14 20:22:54] EDIT init/views/default/services.html: 3
[2014-03-14 20:23:35] EDIT init/views/default/services.html: 0
[2014-03-14 20:24:25] EDIT init/views/default/services.html: 0
[2014-03-14 20:26:38] EDIT init/views/default/services.html: 1
[2014-03-14 20:31:09] EDIT init/views/default/services.html: 0
[2014-03-14 20:31:24] EDIT init/views/default/services.html: 0
[2014-03-14 20:33:52] DELETE init/views/default/service_fixpc.html: -25
[2014-03-14 20:34:52] EDIT init/views/default/joinus.html: 25
[2014-03-14 20:45:50] EDIT init/views/default/joinus.html: -6
[2014-03-14 20:46:54] EDIT init/views/default/joinus.html: 0
[2014-03-14 20:47:40] EDIT init/views/default/joinus.html: 0
[2014-03-14 20:52:40] EDIT init/views/default/joinus.html: 0
[2014-03-14 20:59:54] EDIT init/views/default/joinus.html: 0
[2014-03-14 21:03:30] EDIT init/views/default/index.html: 0
[2014-03-14 21:04:16] EDIT init/views/default/index.html: 0
[2014-03-14 21:05:47] EDIT init/views/default/index.html: 0
[2014-03-14 21:10:29] EDIT init/models/db.py: -45
[2014-03-14 21:12:02] EDIT init/models/db.py: 0
[2014-03-14 21:14:19] EDIT init/models/db.py: 0
[2014-03-14 21:14:29] EDIT init/models/db.py: 0
[2014-03-14 21:16:50] EDIT init/controllers/default.py: -13
[2014-03-14 21:17:07] EDIT init/controllers/default.py: 0
[2014-03-14 21:17:15] EDIT init/models/db.py: 0
[2014-03-14 21:17:48] EDIT init/views/default/index.html: 0
[2014-03-14 21:19:09] EDIT init/controllers/default.py: 0
[2014-03-14 21:22:07] EDIT init/controllers/default.py: 1
[2014-03-14 21:22:22] EDIT init/controllers/default.py: 0
[2014-03-14 21:23:26] EDIT init/controllers/default.py: 0
[2014-03-14 21:31:10] EDIT init/views/layout.html: 1
[2014-03-14 21:31:30] EDIT init/views/layout.html: 0
[2014-03-14 21:34:43] EDIT init/controllers/default.py: 0
[2014-03-14 21:35:19] EDIT init/views/layout.html: 0
[2014-03-14 21:37:47] EDIT init/views/layout.html: 0
[2014-03-14 21:39:04] EDIT init/views/layout.html: 0
[2014-03-14 21:42:22] EDIT init/controllers/default.py: 0
[2014-03-14 21:42:31] EDIT init/views/layout.html: 0
[2014-03-14 21:42:52] EDIT init/views/default/services.html: -1
[2014-03-15 00:24:49] CREATE default/wiki.html: 0
[2014-03-15 00:25:54] EDIT init/controllers/default.py: 2
[2014-03-15 00:27:33] EDIT init/views/default/wiki.html: -2
[2014-03-15 00:28:16] EDIT init/views/default/wiki.html: 1
[2014-03-15 01:06:01] EDIT init/views/default/wiki.html: 0
[2014-03-15 01:06:19] EDIT init/views/default/wiki.html: 0
[2014-03-15 01:26:06] EDIT init/controllers/default.py: 0
[2014-03-15 01:27:13] EDIT init/controllers/default.py: 0
[2014-03-15 01:27:29] EDIT init/controllers/default.py: 0
[2014-03-15 01:28:22] EDIT init/controllers/default.py: 0
[2014-03-15 01:29:40] EDIT init/controllers/default.py: 0
[2014-03-15 01:29:55] EDIT init/controllers/default.py: 0
[2014-03-15 01:30:06] EDIT init/controllers/default.py: 0
[2014-03-15 01:33:11] EDIT init/controllers/default.py: 0
[2014-03-15 01:42:41] EDIT init/views/default/wiki.html: 0
[2014-03-15 02:47:22] EDIT init/controllers/default.py: 3
[2014-03-15 02:49:13] EDIT init/views/default/index.html: 0
[2014-03-15 10:19:57] EDIT init/controllers/default.py: 0
[2014-03-15 10:21:28] EDIT init/controllers/default.py: 0
[2014-03-15 10:22:46] EDIT init/controllers/default.py: 0
[2014-03-15 10:23:09] EDIT init/views/default/index.html: 0
[2014-03-15 10:27:47] EDIT init/controllers/default.py: 0
[2014-03-15 10:30:35] EDIT init/controllers/default.py: 0
[2014-03-15 10:31:25] EDIT init/views/default/index.html: 0
[2014-03-15 10:31:48] EDIT init/views/default/index.html: 0
[2014-03-15 10:36:39] EDIT init/controllers/default.py: 5
[2014-03-15 11:19:30] EDIT init/views/default/services.html: 27
[2014-03-15 11:21:25] EDIT init/views/default/services.html: -3
[2014-03-15 11:22:11] EDIT init/views/default/services.html: 0
[2014-03-15 11:22:29] EDIT init/views/default/services.html: 0
[2014-03-15 11:24:49] EDIT init/views/default/services.html: 10
[2014-03-15 11:26:20] EDIT init/views/default/services.html: 0
[2014-03-15 11:26:38] EDIT init/views/default/services.html: 0
[2014-03-15 11:27:35] EDIT init/views/default/services.html: 0
[2014-03-15 11:27:55] EDIT init/views/default/services.html: 0
[2014-03-15 11:28:10] EDIT init/views/default/services.html: 0
[2014-03-15 11:30:15] EDIT init/views/default/services.html: 2
[2014-03-15 11:30:31] EDIT init/views/default/services.html: 0
[2014-03-15 11:32:00] EDIT init/views/default/services.html: 0
[2014-03-15 11:32:24] EDIT init/views/default/services.html: 0
[2014-03-15 11:33:27] EDIT init/views/default/services.html: 0
[2014-03-15 11:33:59] EDIT init/views/default/services.html: -2
[2014-03-15 11:34:13] EDIT init/views/default/services.html: 2
[2014-03-15 11:38:17] EDIT init/views/default/services.html: 7
[2014-03-15 11:38:51] EDIT init/views/default/services.html: 2
[2014-03-15 11:39:58] EDIT init/views/default/services.html: 0
[2014-03-15 11:40:11] EDIT init/views/default/services.html: 0
[2014-03-15 11:40:48] EDIT init/views/default/services.html: 0
[2014-03-15 11:41:11] EDIT init/views/default/services.html: -1
[2014-03-15 11:41:18] EDIT init/views/default/services.html: 0
[2014-03-15 11:43:00] EDIT init/views/default/services.html: 1
[2014-03-15 11:43:12] EDIT init/views/default/services.html: 0
[2014-03-15 11:44:51] EDIT init/views/default/services.html: 0
[2014-03-15 11:45:29] EDIT init/views/default/services.html: 0
[2014-03-15 11:46:51] EDIT init/views/default/services.html: 0
[2014-03-15 11:48:12] EDIT init/views/default/services.html: 0
[2014-03-15 11:49:19] EDIT init/views/default/services.html: 0
[2014-03-15 11:53:32] EDIT init/views/default/services.html: 0
[2014-03-15 11:55:06] EDIT init/views/default/services.html: 0
[2014-03-15 11:55:48] EDIT init/views/default/services.html: 0
[2014-03-15 11:56:06] EDIT init/views/default/services.html: 0
[2014-03-15 11:56:33] EDIT init/views/default/services.html: 0
[2014-03-15 11:58:08] EDIT init/views/default/services.html: 2
[2014-03-15 11:58:40] EDIT init/views/default/services.html: 0
[2014-03-15 11:59:41] EDIT init/views/default/services.html: 2
[2014-03-15 12:00:29] EDIT init/views/default/services.html: 0
[2014-03-15 12:03:22] EDIT init/views/default/services.html: 4
[2014-03-15 12:04:23] EDIT init/views/default/services.html: 0
[2014-03-15 12:04:52] EDIT init/views/default/services.html: -1
[2014-03-15 12:05:04] EDIT init/views/default/services.html: 1
[2014-03-15 12:06:27] EDIT init/views/default/services.html: 2
[2014-03-15 12:07:04] EDIT init/views/default/services.html: 0
[2014-03-15 12:07:17] EDIT init/views/default/services.html: 0
[2014-03-15 12:17:48] EDIT init/views/default/services.html: -17
[2014-03-15 12:19:16] EDIT init/views/default/services.html: 0
[2014-03-15 12:20:54] EDIT init/views/default/services.html: 0
[2014-03-15 12:21:46] EDIT init/views/default/services.html: 0
[2014-03-15 12:22:03] EDIT init/views/default/services.html: 0
[2014-03-15 12:22:34] EDIT init/views/default/services.html: 0
[2014-03-15 12:23:01] EDIT init/views/default/services.html: 0
[2014-03-15 12:23:14] EDIT init/views/default/services.html: 0
[2014-03-15 12:23:45] EDIT init/views/default/services.html: 0
[2014-03-15 12:24:18] EDIT init/views/default/services.html: -2
[2014-03-15 12:24:52] EDIT init/views/default/services.html: 0
[2014-03-15 12:25:06] EDIT init/views/default/services.html: 0
[2014-03-15 12:25:13] EDIT init/views/default/services.html: 0
[2014-03-15 12:25:51] EDIT init/views/default/services.html: 0
[2014-03-15 12:26:43] EDIT init/views/default/services.html: 0
[2014-03-15 12:27:44] EDIT init/views/default/services.html: 0
[2014-03-15 12:27:55] EDIT init/views/default/services.html: 0
[2014-03-15 12:31:14] EDIT init/views/default/services.html: 0
[2014-03-15 12:32:05] EDIT init/views/default/services.html: 0
[2014-03-15 13:14:23] EDIT init/models/db.py: 5
[2014-03-15 13:14:37] EDIT init/models/db.py: 0
[2014-03-15 13:21:12] EDIT init/models/db.py: 2
[2014-03-15 13:22:06] EDIT init/models/db.py: 0
[2014-03-15 13:22:49] EDIT init/models/db.py: -2
[2014-03-15 13:22:51] EDIT init/models/db.py: 0
[2014-03-15 13:25:22] EDIT init/models/db.py: -5
[2014-03-15 13:36:20] EDIT init/models/db.py: 6
[2014-03-15 13:37:18] EDIT init/models/db.py: 0
[2014-03-15 13:38:52] EDIT init/models/db.py: 3
[2014-03-15 13:40:06] EDIT init/models/db.py: 5
[2014-03-15 13:43:14] EDIT init/models/db.py: 1
[2014-03-15 13:45:33] EDIT init/models/db.py: 3
[2014-03-15 13:46:23] EDIT init/models/db.py: 0
[2014-03-15 13:48:30] EDIT init/models/db.py: 0
[2014-03-15 13:50:40] EDIT init/views/default/services.html: 33
[2014-03-15 13:52:23] EDIT init/views/default/services.html: -2
[2014-03-15 13:55:58] EDIT init/views/default/services.html: -7
[2014-03-15 13:59:47] EDIT init/views/default/services.html: -11
[2014-03-15 14:00:39] EDIT init/views/default/services.html: 11
[2014-03-15 14:01:56] EDIT init/views/default/services.html: 3
[2014-03-15 14:02:07] EDIT init/views/default/services.html: 0
[2014-03-15 14:20:12] EDIT init/views/default/services.html: 0
[2014-03-15 14:24:49] EDIT init/views/default/services.html: 8
[2014-03-15 14:25:11] EDIT init/views/default/services.html: 8
[2014-03-15 14:25:53] EDIT init/views/default/services.html: 1
[2014-03-15 14:27:31] EDIT init/views/default/services.html: 0
[2014-03-15 14:29:09] EDIT init/views/default/services.html: 0
[2014-03-15 14:29:44] EDIT init/views/default/services.html: 0
[2014-03-15 14:29:59] EDIT init/views/default/services.html: 0
[2014-03-15 14:30:11] EDIT init/views/default/services.html: 0
[2014-03-15 14:30:28] EDIT init/views/default/services.html: 0
[2014-03-15 14:31:24] EDIT init/views/default/services.html: 1
[2014-03-15 14:31:42] EDIT init/views/default/services.html: -1
[2014-03-15 14:53:58] EDIT init/models/db.py: 7
[2014-03-15 15:04:33] EDIT init/models/db.py: 7
[2014-03-15 15:05:15] EDIT init/models/db.py: 0
[2014-03-15 15:05:43] EDIT init/models/db.py: 0
[2014-03-15 15:06:59] EDIT init/views/default/services.html: 0
[2014-03-15 15:15:26] EDIT init/views/default/services.html: 0
[2014-03-15 15:21:54] EDIT init/views/default/services.html: 0
[2014-03-15 15:28:28] EDIT init/controllers/default.py: 2
[2014-03-15 15:31:36] EDIT init/controllers/default.py: 3
[2014-03-15 15:33:03] EDIT init/views/default/services.html: 0
[2014-03-15 15:34:50] EDIT init/models/db.py: 1
[2014-03-15 15:37:00] EDIT init/views/default/services.html: 0
[2014-03-15 15:37:33] EDIT init/controllers/default.py: 2
[2014-03-15 15:39:03] EDIT init/controllers/default.py: 0
[2014-03-15 15:40:04] EDIT init/controllers/default.py: 1
[2014-03-15 15:40:25] EDIT init/views/default/services.html: 0
[2014-03-15 15:40:54] EDIT init/views/default/services.html: 0
[2014-03-15 15:42:10] EDIT init/views/default/services.html: -2
[2014-03-15 15:51:12] EDIT init/controllers/default.py: 6
[2014-03-15 15:52:22] EDIT init/views/default/services.html: -77
[2014-03-15 15:54:19] EDIT init/models/db.py: 2
[2014-03-15 15:55:15] EDIT init/models/db.py: 0
[2014-03-15 15:57:07] EDIT init/controllers/default.py: 0
[2014-03-15 15:58:11] EDIT init/models/db.py: 1
[2014-03-15 16:00:02] EDIT init/controllers/default.py: 0
[2014-03-15 16:00:04] EDIT init/views/default/services.html: 0
[2014-03-15 16:00:06] EDIT init/models/db.py: 0
[2014-03-15 16:12:29] EDIT init/models/db.py: 1
[2014-03-15 16:13:11] EDIT init/models/db.py: 0
[2014-03-15 16:16:52] EDIT init/models/db.py: 1
[2014-03-15 16:17:32] EDIT init/models/db.py: 0
[2014-03-15 16:19:55] EDIT init/models/db.py: 0
[2014-03-15 16:21:28] EDIT init/views/default/services.html: 3
[2014-03-15 16:22:26] EDIT init/models/db.py: 2
[2014-03-15 16:28:43] EDIT init/controllers/default.py: 1
[2014-03-15 16:30:39] EDIT init/controllers/default.py: 9
[2014-03-15 16:32:24] EDIT init/controllers/default.py: 0
[2014-03-15 16:35:10] EDIT init/models/db.py: 0
[2014-03-15 16:35:11] EDIT init/models/db.py: 0
[2014-03-15 16:35:26] EDIT init/controllers/default.py: 0
[2014-03-15 16:37:43] EDIT init/models/db.py: 4
[2014-03-15 16:57:36] CREATE default/selfapplies.html: 0
[2014-03-15 16:57:59] EDIT init/views/default/selfapplies.html: -1
[2014-03-15 16:59:35] EDIT init/controllers/default.py: 4
[2014-03-15 17:01:47] EDIT init/views/default/services.html: 1
[2014-03-15 17:03:08] EDIT init/views/default/services.html: 2
[2014-03-15 17:03:46] EDIT init/controllers/default.py: 0
[2014-03-15 17:04:26] EDIT init/controllers/default.py: 0
[2014-03-15 17:05:57] EDIT init/controllers/default.py: 1
[2014-03-15 17:10:43] EDIT init/controllers/default.py: 0
[2014-03-15 17:13:59] EDIT init/controllers/default.py: -1
[2014-03-15 17:14:13] EDIT init/views/default/selfapplies.html: 0
[2014-03-15 17:14:38] EDIT init/controllers/default.py: 0
[2014-03-15 17:15:13] EDIT init/views/default/selfapplies.html: 0
[2014-03-15 17:19:34] EDIT init/controllers/default.py: 2
[2014-03-15 17:19:46] EDIT init/views/default/selfapplies.html: 0
[2014-03-15 17:20:14] EDIT init/controllers/default.py: 0
[2014-03-15 17:21:33] EDIT init/controllers/default.py: 0
[2014-03-15 17:31:51] EDIT init/controllers/default.py: 0
[2014-03-15 17:32:14] EDIT init/controllers/default.py: 0
[2014-03-15 17:32:51] EDIT init/controllers/default.py: 0
[2014-03-15 17:33:16] EDIT init/controllers/default.py: 0
[2014-03-15 17:34:31] EDIT init/controllers/default.py: 0
[2014-03-15 17:35:14] EDIT init/controllers/default.py: 0
[2014-03-15 17:36:05] EDIT init/controllers/default.py: 0
[2014-03-15 17:37:21] EDIT init/controllers/default.py: 1
[2014-03-15 17:37:41] EDIT init/controllers/default.py: 0
[2014-03-15 17:40:31] EDIT init/controllers/default.py: 0
[2014-03-15 17:42:24] EDIT init/controllers/default.py: 0
[2014-03-15 17:43:18] EDIT init/controllers/default.py: -1
[2014-03-15 17:45:39] EDIT init/controllers/default.py: 0
[2014-03-15 17:52:06] EDIT init/controllers/default.py: 2
[2014-03-15 17:53:38] EDIT init/controllers/default.py: 0
[2014-03-15 17:53:58] EDIT init/controllers/default.py: 0
[2014-03-15 17:55:09] EDIT init/controllers/default.py: 0
[2014-03-15 17:55:32] EDIT init/controllers/default.py: 0
[2014-03-15 17:56:39] EDIT init/controllers/default.py: 0
[2014-03-15 18:01:32] EDIT init/controllers/default.py: 1
[2014-03-15 18:05:52] EDIT init/controllers/default.py: -2
[2014-03-15 18:06:39] EDIT init/controllers/default.py: 0
[2014-03-15 18:06:43] EDIT init/controllers/default.py: 0
[2014-03-15 18:07:37] EDIT init/controllers/default.py: 0
[2014-03-15 18:08:45] EDIT init/models/db.py: 0
[2014-03-15 18:10:07] EDIT init/controllers/default.py: 0
[2014-03-15 18:12:37] EDIT init/controllers/default.py: 0
[2014-03-15 18:13:21] EDIT init/controllers/default.py: 1
[2014-03-15 18:15:07] EDIT init/models/db.py: 0
[2014-03-15 18:25:50] EDIT init/models/db.py: 5
[2014-03-15 18:27:18] EDIT init/controllers/default.py: 0
[2014-03-15 18:28:28] EDIT init/models/db.py: 1
[2014-03-15 18:29:23] EDIT init/models/db.py: 0
[2014-03-15 18:30:28] EDIT init/models/db.py: 0
[2014-03-15 18:33:11] EDIT init/models/db.py: 4
[2014-03-15 18:33:58] EDIT init/models/db.py: 0
[2014-03-15 18:34:19] EDIT init/models/db.py: 0
[2014-03-15 18:35:55] EDIT init/models/db.py: 1
[2014-03-15 18:36:28] EDIT init/models/db.py: -1
[2014-03-15 18:39:19] EDIT init/views/default/services.html: 2
[2014-03-15 18:40:19] EDIT init/controllers/default.py: 0
[2014-03-15 18:40:51] EDIT init/controllers/default.py: 0
[2014-03-15 18:41:02] EDIT init/controllers/default.py: 0
[2014-03-15 18:42:13] EDIT init/controllers/default.py: 0
[2014-03-15 18:42:37] EDIT init/controllers/default.py: 0
[2014-03-15 18:43:02] EDIT init/controllers/default.py: 0
[2014-03-15 18:48:06] EDIT init/controllers/default.py: 0
[2014-03-15 18:49:05] EDIT init/controllers/default.py: 0
[2014-03-15 18:49:34] EDIT init/controllers/default.py: 0
[2014-03-15 18:50:55] EDIT init/controllers/default.py: 0
[2014-03-15 18:53:12] EDIT init/controllers/default.py: 0
[2014-03-15 18:53:47] EDIT init/controllers/default.py: 0
[2014-03-15 18:56:09] EDIT init/controllers/default.py: 0
[2014-03-15 18:56:25] EDIT init/controllers/default.py: 0
[2014-03-15 19:03:32] EDIT init/controllers/default.py: 0
[2014-03-15 19:04:14] EDIT init/controllers/default.py: 0
[2014-03-15 19:05:05] EDIT init/controllers/default.py: 0
[2014-03-15 19:06:19] EDIT init/controllers/default.py: 0
[2014-03-15 19:06:36] EDIT init/controllers/default.py: 0
[2014-03-15 19:07:16] EDIT init/controllers/default.py: 0
[2014-03-15 19:08:33] EDIT init/controllers/default.py: 0
[2014-03-15 19:08:45] EDIT init/views/default/selfapplies.html: 0
[2014-03-15 19:13:18] EDIT init/controllers/default.py: 6
[2014-03-15 19:14:47] CREATE default/manage.html: 0
[2014-03-15 19:15:09] EDIT init/views/default/manage.html: -1
[2014-03-15 19:23:19] EDIT init/views/default/services.html: 3
[2014-03-15 19:23:38] EDIT init/views/default/services.html: 0
[2014-03-15 19:25:43] EDIT init/views/default/services.html: 1
[2014-03-15 19:26:59] EDIT init/views/default/services.html: 0
[2014-03-15 19:29:26] EDIT init/views/default/services.html: 0
[2014-03-15 19:32:05] EDIT init/views/default/services.html: 2
[2014-03-15 19:34:32] EDIT init/views/default/services.html: 1
[2014-03-15 19:37:23] EDIT init/models/db.py: 1
[2014-03-15 19:37:58] EDIT init/models/db.py: -1
[2014-03-15 19:38:16] EDIT init/models/db.py: 0
[2014-03-15 19:38:38] EDIT init/models/db.py: 0
[2014-03-15 19:41:31] EDIT init/controllers/default.py: 0
[2014-03-15 19:43:32] EDIT init/controllers/default.py: 0
[2014-03-15 19:43:57] EDIT init/controllers/default.py: 0
[2014-03-15 19:46:45] EDIT init/models/db.py: 0
[2014-03-15 19:47:35] EDIT init/controllers/default.py: 0
[2014-03-15 19:47:49] EDIT init/controllers/default.py: 0
[2014-03-15 19:48:50] EDIT init/models/db.py: 0
[2014-03-15 19:49:43] EDIT init/controllers/default.py: 0
[2014-03-15 19:50:20] EDIT init/controllers/default.py: 0
[2014-03-15 19:51:38] EDIT init/controllers/default.py: 0
[2014-03-15 19:52:27] EDIT init/models/db.py: 0
[2014-03-15 19:52:52] EDIT init/models/db.py: 0
[2014-03-15 19:55:20] EDIT init/models/db.py: 0
[2014-03-15 19:57:20] EDIT init/models/db.py: 0
[2014-03-15 19:58:19] EDIT init/models/db.py: 0
[2014-03-15 20:01:20] EDIT init/models/db.py: 0
[2014-03-15 20:02:24] EDIT init/models/db.py: 0
[2014-03-15 20:06:08] EDIT init/models/db.py: -8
[2014-03-15 20:06:29] EDIT init/models/db.py: -3
[2014-03-15 20:07:03] EDIT init/models/db.py: 3
[2014-03-15 20:07:15] EDIT init/models/db.py: 8
[2014-03-15 20:07:34] EDIT init/models/db.py: 0
[2014-03-15 20:07:58] EDIT init/models/db.py: -1
[2014-03-15 20:08:39] EDIT init/models/db.py: 1
[2014-03-15 20:09:16] EDIT init/models/db.py: 0
[2014-03-15 20:09:56] EDIT init/models/db.py: -1
[2014-03-15 20:10:17] EDIT init/models/db.py: 1
[2014-03-15 20:10:49] EDIT init/models/db.py: 0
[2014-03-15 20:12:16] EDIT init/models/db.py: 0
[2014-03-15 20:12:58] EDIT init/models/db.py: 0
[2014-03-15 20:15:08] EDIT init/models/db.py: 0
[2014-03-15 20:16:34] EDIT init/models/db.py: 0
[2014-03-15 20:17:11] EDIT init/models/db.py: -2
[2014-03-15 20:17:28] EDIT init/models/db.py: 2
[2014-03-15 20:20:43] EDIT init/models/db.py: -2
[2014-03-15 20:21:12] EDIT init/models/db.py: 2
[2014-03-15 20:21:37] EDIT init/models/db.py: 0
[2014-03-15 20:22:14] EDIT init/models/db.py: 0
[2014-03-15 20:23:18] EDIT init/models/db.py: 0
[2014-03-15 20:24:10] EDIT init/models/db.py: 0
[2014-03-15 20:26:49] EDIT init/models/db.py: 0
[2014-03-15 20:27:55] EDIT init/models/db.py: 0
[2014-03-15 20:49:33] EDIT init/controllers/default.py: 1
[2014-03-15 20:54:39] EDIT init/views/default/manage.html: 22
[2014-03-15 20:57:40] EDIT init/views/default/manage.html: -2
[2014-03-15 20:58:54] EDIT init/controllers/default.py: 0
[2014-03-15 21:01:43] EDIT init/models/db.py: -4
[2014-03-15 21:06:24] EDIT init/views/default/manage.html: -6
[2014-03-15 21:09:48] EDIT init/views/default/manage.html: -5
[2014-03-15 21:12:12] EDIT init/views/default/manage.html: -4
[2014-03-15 21:38:19] EDIT init/controllers/default.py: -3
[2014-03-15 21:41:15] EDIT init/models/db.py: 0
[2014-03-15 21:43:33] EDIT init/controllers/default.py: 2
[2014-03-15 21:44:30] EDIT init/controllers/default.py: 1
[2014-03-15 21:45:54] EDIT init/controllers/default.py: 0
[2014-03-15 23:25:22] EDIT init/controllers/default.py: 0
[2014-03-15 23:25:35] EDIT init/controllers/default.py: -3
[2014-03-15 23:26:18] EDIT init/controllers/default.py: -2
[2014-03-15 23:26:46] EDIT init/views/default/index.html: 0
[2014-03-15 23:27:44] EDIT init/controllers/default.py: 2
[2014-03-15 23:31:01] EDIT init/views/default/services.html: 0
[2014-03-15 23:31:46] EDIT init/views/default/services.html: 0
[2014-03-15 23:33:12] EDIT init/views/default/services.html: 0
[2014-03-15 23:37:52] EDIT init/controllers/default.py: 1
[2014-03-15 23:39:02] EDIT init/controllers/default.py: 0
[2014-03-15 23:41:13] EDIT init/controllers/default.py: 0
[2014-03-15 23:43:16] EDIT init/views/default/manage.html: 0
[2014-03-15 23:50:24] EDIT init/views/default/manage.html: 4
[2014-03-15 23:50:45] EDIT init/controllers/default.py: 0
[2014-03-15 23:52:15] EDIT init/controllers/default.py: 0
[2014-03-15 23:52:36] EDIT init/controllers/default.py: 0
[2014-03-15 23:57:24] EDIT init/controllers/default.py: 0
[2014-03-15 23:59:52] EDIT init/controllers/default.py: 5
[2014-03-16 00:01:00] EDIT init/controllers/default.py: 3
[2014-03-16 00:01:51] EDIT init/controllers/default.py: 1
[2014-03-16 00:02:06] EDIT init/controllers/default.py: 0
[2014-03-16 00:03:09] EDIT init/controllers/default.py: 0
[2014-03-16 00:06:35] EDIT init/controllers/default.py: 8
[2014-03-16 00:07:03] EDIT init/controllers/default.py: 0
[2014-03-16 00:22:29] EDIT init/controllers/default.py: 0
[2014-03-16 00:26:56] EDIT init/controllers/default.py: 0
[2014-03-16 00:27:18] EDIT init/controllers/default.py: 0
[2014-03-16 00:27:50] EDIT init/controllers/default.py: 0
[2014-03-16 00:33:52] EDIT init/controllers/default.py: 5
[2014-03-16 00:34:10] EDIT init/views/default/manage.html: -4
[2014-03-16 00:34:44] EDIT init/controllers/default.py: 0
[2014-03-16 00:42:08] EDIT init/controllers/default.py: -13
[2014-03-16 00:46:40] EDIT init/controllers/default.py: 4
[2014-03-16 00:47:15] EDIT init/views/default/services.html: 0
[2014-03-16 00:47:28] CREATE default/list.html: 0
[2014-03-16 00:51:50] EDIT init/views/default/list.html: 2
[2014-03-16 00:54:05] EDIT init/controllers/default.py: 0
[2014-03-16 00:56:42] EDIT init/views/default/list.html: 0
[2014-03-16 00:59:53] EDIT init/views/default/list.html: 18
[2014-03-16 01:10:54] EDIT init/views/default/list.html: 20
[2014-03-16 01:12:01] EDIT init/views/default/list.html: 0
[2014-03-16 01:12:20] EDIT init/views/default/list.html: 0
[2014-03-16 01:12:48] EDIT init/views/default/list.html: 0
[2014-03-16 01:13:27] EDIT init/views/default/list.html: -1
[2014-03-16 01:13:57] EDIT init/views/default/list.html: 0
[2014-03-16 01:15:27] EDIT init/views/default/list.html: 5
[2014-03-16 01:20:46] EDIT init/controllers/default.py: 0
[2014-03-16 01:23:11] EDIT init/controllers/default.py: 0
[2014-03-16 01:25:31] EDIT init/controllers/default.py: 0
[2014-03-16 01:27:55] EDIT init/controllers/default.py: 0
[2014-03-16 01:28:44] EDIT init/views/default/list.html: 0
[2014-03-16 01:29:20] EDIT init/views/default/list.html: 0
[2014-03-16 01:30:02] EDIT init/controllers/default.py: 0
[2014-03-16 01:30:47] EDIT init/views/default/list.html: -12
[2014-03-16 01:32:05] EDIT init/views/default/list.html: 12
[2014-03-16 01:32:43] EDIT init/views/default/list.html: 0
[2014-03-16 01:36:30] EDIT init/views/default/list.html: 4
[2014-03-16 01:38:33] EDIT init/views/default/list.html: 2
[2014-03-16 01:39:31] EDIT init/views/default/list.html: 0
[2014-03-16 01:39:38] EDIT init/views/default/list.html: 0
[2014-03-16 01:42:39] EDIT init/controllers/default.py: 1
[2014-03-16 01:42:57] EDIT init/views/default/list.html: 31
[2014-03-16 01:43:58] EDIT init/views/default/list.html: 0
[2014-03-16 01:44:29] EDIT init/views/default/list.html: 0
[2014-03-16 01:45:36] CREATE default/visitmanage.html: 0
[2014-03-16 01:46:10] EDIT init/views/default/visitmanage.html: 2
[2014-03-16 01:58:43] EDIT init/controllers/default.py: 17
[2014-03-16 01:59:19] EDIT init/views/default/list.html: 0
[2014-03-16 01:59:45] EDIT init/controllers/default.py: 0
[2014-03-16 02:00:12] EDIT init/controllers/default.py: 0
[2014-03-16 02:00:50] EDIT init/views/default/list.html: 0
[2014-03-16 02:25:40] EDIT init/controllers/default.py: -15
[2014-03-16 02:26:01] EDIT init/controllers/default.py: -4
[2014-03-16 02:26:30] EDIT init/controllers/default.py: 0
[2014-03-16 02:26:31] EDIT init/controllers/default.py: 0
[2014-03-16 02:26:31] EDIT init/controllers/default.py: 0
[2014-03-16 02:26:32] EDIT init/controllers/default.py: 0
[2014-03-16 02:26:34] EDIT init/controllers/default.py: 0
[2014-03-16 02:26:35] EDIT init/controllers/default.py: 0
[2014-03-16 02:26:35] EDIT init/controllers/default.py: 0
[2014-03-16 02:26:37] EDIT init/controllers/default.py: 0
[2014-03-16 02:26:38] EDIT init/controllers/default.py: 0
[2014-03-16 02:26:39] EDIT init/controllers/default.py: 0
[2014-03-16 02:28:41] EDIT init/controllers/default.py: -8
[2014-03-16 02:28:41] EDIT init/controllers/default.py: 0
[2014-03-16 02:28:41] EDIT init/controllers/default.py: 0
[2014-03-16 02:28:43] EDIT init/controllers/default.py: 0
[2014-03-16 02:28:43] EDIT init/controllers/default.py: 0
[2014-03-16 02:28:44] EDIT init/controllers/default.py: 0
[2014-03-16 02:28:45] EDIT init/controllers/default.py: 0
[2014-03-16 02:30:24] EDIT init/controllers/default.py: -29
[2014-03-16 02:30:26] EDIT init/controllers/default.py: 0
[2014-03-16 02:30:27] EDIT init/controllers/default.py: 0
[2014-03-16 02:30:27] EDIT init/controllers/default.py: 0
[2014-03-16 02:30:27] EDIT init/controllers/default.py: 0
[2014-03-16 02:30:27] EDIT init/controllers/default.py: 0
[2014-03-16 02:30:28] EDIT init/controllers/default.py: 0
[2014-03-16 02:30:28] EDIT init/controllers/default.py: 0
[2014-03-16 02:30:28] EDIT init/controllers/default.py: 0
[2014-03-16 02:31:26] EDIT init/controllers/default.py: 0
[2014-03-16 02:31:28] EDIT init/controllers/default.py: 0
[2014-03-16 02:31:34] EDIT init/views/__init__.py: 0
[2014-03-16 02:45:51] EDIT init/controllers/default.py: 16
[2014-03-16 02:48:46] EDIT init/controllers/default.py: 13
[2014-03-16 02:49:42] EDIT init/controllers/default.py: 0
[2014-03-16 02:52:01] EDIT init/controllers/default.py: 10
[2014-03-16 02:52:10] EDIT init/controllers/default.py: 0
[2014-03-16 02:52:55] EDIT init/controllers/default.py: 0
[2014-03-16 02:55:43] EDIT init/controllers/default.py: 18
[2014-03-16 03:00:54] EDIT init/controllers/default.py: -1
[2014-03-16 03:05:57] EDIT init/controllers/default.py: 0
[2014-03-16 03:06:49] EDIT init/controllers/default.py: 0
[2014-03-16 03:13:00] EDIT init/controllers/default.py: 0
[2014-03-16 03:15:15] EDIT init/controllers/default.py: -1
[2014-03-16 10:56:40] EDIT init/views/default/index.html: 0
[2014-03-16 11:00:12] EDIT init/views/default/index.html: 0
[2014-03-16 11:03:07] EDIT init/views/default/index.html: 0
[2014-03-16 11:04:14] EDIT init/views/default/index.html: 0
[2014-03-16 11:06:40] EDIT init/views/default/index.html: 0
[2014-03-16 11:07:04] EDIT init/views/default/index.html: 0
[2014-03-16 11:29:28] EDIT init/views/default/index.html: 8
[2014-03-16 11:30:21] EDIT init/views/default/index.html: -1
[2014-03-16 11:31:32] EDIT init/views/default/index.html: 0
[2014-03-16 11:33:06] EDIT init/views/default/index.html: -2
[2014-03-16 11:37:42] EDIT init/views/default/index.html: 0
[2014-03-16 11:38:34] EDIT init/views/default/index.html: 0
[2014-03-16 11:40:04] EDIT init/views/default/index.html: 0
[2014-03-16 11:41:05] EDIT init/views/default/index.html: 0
[2014-03-16 11:42:24] EDIT init/views/default/index.html: 0
[2014-03-16 11:46:01] EDIT init/views/default/index.html: 0
[2014-03-16 11:56:33] EDIT init/controllers/default.py: 0
[2014-03-16 11:59:36] EDIT init/views/default/index.html: 0
[2014-03-16 12:02:04] EDIT init/controllers/default.py: -1
[2014-03-16 12:02:32] EDIT init/views/default/index.html: 0
[2014-03-16 12:03:42] EDIT init/views/default/index.html: 0
[2014-03-16 12:05:17] EDIT init/views/default/index.html: 0
[2014-03-16 12:08:27] EDIT init/views/default/index.html: 0
[2014-03-16 12:08:52] EDIT init/controllers/default.py: 0
[2014-03-16 12:09:14] EDIT init/controllers/default.py: 0
[2014-03-16 12:09:29] EDIT init/views/default/index.html: 0
[2014-03-16 12:13:08] EDIT init/controllers/default.py: 0
[2014-03-16 12:14:38] EDIT init/controllers/default.py: 0
[2014-03-16 12:15:52] EDIT init/controllers/default.py: 0
[2014-03-16 12:17:11] EDIT init/controllers/default.py: 0
[2014-03-16 12:18:04] EDIT init/controllers/default.py: 0
[2014-03-16 12:19:03] EDIT init/views/default/index.html: 0
[2014-03-16 12:19:34] EDIT init/views/default/index.html: 0
[2014-03-16 12:20:17] EDIT init/views/default/index.html: 0
[2014-03-16 12:20:53] EDIT init/views/default/index.html: 0
[2014-03-16 12:21:24] EDIT init/views/default/index.html: 0
[2014-03-16 14:08:11] EDIT init/controllers/default.py: 4
[2014-03-16 14:09:37] EDIT init/controllers/default.py: 1
[2014-03-16 14:10:13] EDIT init/controllers/default.py: 0
[2014-03-16 14:11:19] EDIT init/controllers/default.py: 0
[2014-03-16 14:22:59] EDIT init/controllers/default.py: 2
[2014-03-16 14:27:27] EDIT init/controllers/default.py: 9
[2014-03-16 14:27:50] EDIT init/controllers/default.py: 0
[2014-03-16 14:28:05] EDIT init/controllers/default.py: 0
[2014-03-16 14:29:32] CREATE default/initialization.html: 0
[2014-03-16 14:29:46] EDIT init/views/default/initialization.html: -1
[2014-03-16 14:30:20] EDIT init/controllers/default.py: 1
[2014-03-16 14:31:14] EDIT init/controllers/default.py: -4
[2014-03-16 14:50:10] EDIT init/controllers/default.py: 4
[2014-03-16 14:52:45] EDIT init/controllers/default.py: 0
[2014-03-16 14:53:06] EDIT init/views/default/initialization.html: -1
[2014-03-16 14:54:45] EDIT init/controllers/default.py: 3
[2014-03-16 14:56:03] EDIT init/controllers/default.py: -3
[2014-03-16 15:07:04] EDIT init/views/default/initialization.html: 3
[2014-03-16 15:11:21] EDIT init/controllers/default.py: 1
[2014-03-16 15:11:34] EDIT init/controllers/default.py: 0
[2014-03-16 15:23:32] EDIT init/views/default/services.html: 0
[2014-03-16 15:30:41] EDIT init/views/default/index.html: 6
[2014-03-16 15:31:42] EDIT init/views/default/index.html: 0
[2014-03-16 15:32:11] CREATE default/super.html: 0
[2014-03-16 15:34:30] EDIT init/controllers/default.py: 4
[2014-03-16 15:34:47] EDIT init/views/default/super.html: 0
[2014-03-16 15:35:09] EDIT init/controllers/default.py: 0
[2014-03-16 15:36:57] CREATE default/supergroup.html: 0
[2014-03-16 15:38:24] EDIT init/controllers/default.py: 8
[2014-03-16 15:39:03] CREATE default/supermembership.html: 0
[2014-03-16 15:39:22] EDIT init/views/default/supergroup.html: -1
[2014-03-16 15:39:51] EDIT init/views/default/supermembership.html: -1
[2014-03-16 15:40:46] EDIT init/views/default/index.html: 2
[2014-03-16 15:43:03] EDIT init/views/default/index.html: 0
[2014-03-16 15:43:43] EDIT init/controllers/default.py: 0
[2014-03-16 15:56:36] EDIT init/controllers/default.py: 0
[2014-03-16 16:02:07] EDIT init/views/default/supermembership.html: 6
[2014-03-16 16:02:40] EDIT init/views/default/supergroup.html: 6
[2014-03-16 16:02:49] EDIT init/views/default/super.html: 5
[2014-03-16 16:12:55] EDIT init/controllers/default.py: 0
[2014-03-16 16:17:24] EDIT init/views/default/list.html: 1
[2014-03-16 16:19:28] EDIT init/views/default/index.html: 0
[2014-03-16 16:20:00] EDIT init/views/default/index.html: 0
[2014-03-16 16:20:59] EDIT init/views/default/index.html: 2
[2014-03-16 17:06:47] EDIT init/views/default/list.html: 0
[2014-03-16 17:06:53] EDIT init/views/default/list.html: 0
[2014-03-16 17:10:48] EDIT init/controllers/default.py: 0
[2014-03-16 17:23:53] EDIT init/controllers/default.py: 0
[2014-03-16 17:25:08] EDIT init/models/db.py: 0
[2014-03-16 17:34:24] EDIT init/controllers/default.py: 0
[2014-03-16 17:35:53] EDIT init/controllers/default.py: 0
[2014-03-16 17:43:10] EDIT init/controllers/default.py: 0
[2014-03-16 17:44:18] EDIT init/controllers/default.py: 0
[2014-03-16 17:51:53] EDIT init/controllers/default.py: 0
[2014-03-16 17:53:14] EDIT init/views/default/services.html: 0
[2014-03-16 18:14:32] EDIT init/controllers/default.py: 3
[2014-03-16 20:02:52] EDIT init/views/default/departments.html: 0
[2014-03-16 20:07:23] EDIT init/views/layout.html: 0
[2014-03-16 20:09:01] EDIT init/views/layout.html: 6
[2014-03-16 20:12:38] EDIT init/views/layout.html: -5
[2014-03-16 20:13:05] EDIT init/views/layout.html: 0
[2014-03-16 20:13:46] EDIT init/views/layout.html: 0
[2014-03-16 20:17:05] EDIT init/views/layout.html: -1
[2014-03-16 20:18:45] EDIT init/views/layout.html: 2
[2014-03-16 20:19:33] EDIT init/views/layout.html: 0
[2014-03-16 20:21:29] EDIT init/views/layout.html: 0
[2014-03-16 20:21:56] EDIT init/views/layout.html: 0
[2014-03-16 20:23:04] EDIT init/views/layout.html: 0
[2014-03-16 20:24:58] EDIT init/views/layout.html: 0
[2014-03-16 20:25:49] EDIT init/views/layout.html: 0
[2014-03-16 20:29:10] EDIT init/views/layout.html: 0
[2014-03-16 20:30:24] EDIT init/views/layout.html: 0
[2014-03-16 20:30:59] EDIT init/views/layout.html: 0
[2014-03-16 20:39:03] EDIT init/views/default/services.html: 14
[2014-03-16 20:58:37] EDIT init/models/db.py: 0
[2014-03-16 21:00:04] EDIT init/controllers/default.py: 0
[2014-03-17 09:55:13] EDIT init/models/menu.py: 0
[2014-03-17 09:56:20] EDIT init/views/layout.html: 0
[2014-03-17 10:00:27] EDIT init/controllers/default.py: 1
[2014-03-17 10:01:15] EDIT init/controllers/default.py: 0
[2014-03-17 10:02:28] EDIT init/controllers/default.py: 0
[2014-03-17 10:42:41] EDIT init/views/default/index.html: 4
[2014-03-17 10:44:41] EDIT init/views/default/index.html: 0
[2014-03-17 10:45:29] EDIT init/views/default/index.html: -2
[2014-03-17 10:46:55] EDIT init/views/default/index.html: 2
[2014-03-17 10:51:32] EDIT init/controllers/default.py: 2
[2014-03-17 10:52:07] EDIT init/views/default/services.html: 0
[2014-03-17 10:53:31] EDIT init/controllers/default.py: 1
[2014-03-17 10:54:04] EDIT init/controllers/default.py: -1
[2014-03-17 10:55:06] EDIT init/controllers/default.py: 1
[2014-03-17 10:55:25] EDIT init/controllers/default.py: -1
[2014-03-17 10:57:43] EDIT init/controllers/default.py: -3
[2014-03-17 10:59:39] EDIT init/controllers/default.py: 0
[2014-03-17 11:02:51] EDIT init/controllers/default.py: 0
[2014-03-17 11:09:13] EDIT init/controllers/default.py: -2
[2014-03-17 11:09:19] EDIT init/views/default/services.html: 0
[2014-03-17 11:11:04] EDIT init/controllers/default.py: 3
[2014-03-17 11:22:59] EDIT init/views/default/applylist.html: 7
[2014-03-17 11:23:56] EDIT init/views/default/applylist.html: 0
[2014-03-17 11:30:17] EDIT init/controllers/default.py: 7
[2014-03-17 11:30:38] EDIT init/controllers/default.py: 0
[2014-03-17 11:32:34] EDIT init/views/default/applylist.html: 0
[2014-03-17 11:34:58] EDIT init/controllers/default.py: 0
[2014-03-17 11:35:53] EDIT init/controllers/default.py: 0
[2014-03-17 11:36:23] EDIT init/controllers/default.py: 0
[2014-03-17 11:38:18] EDIT init/controllers/default.py: -1
[2014-03-17 11:53:34] EDIT init/controllers/default.py: 3
[2014-03-17 11:56:32] EDIT init/views/default/wiki.html: 1
[2014-03-17 11:57:20] EDIT init/controllers/default.py: -3
[2014-03-17 11:57:57] EDIT init/controllers/default.py: 0
[2014-03-17 11:58:24] EDIT init/controllers/default.py: 0
[2014-03-17 11:58:57] EDIT init/controllers/default.py: 0
[2014-03-17 13:00:06] EDIT init/views/default/wiki.html: 1
[2014-03-17 13:00:41] EDIT init/views/default/wiki.html: 1
[2014-03-17 13:02:59] EDIT init/controllers/default.py: 0
[2014-03-17 13:04:28] EDIT init/views/default/wiki.html: -2
[2014-03-17 13:05:40] EDIT init/views/default/wiki.html: -1
[2014-03-17 13:44:02] EDIT init/views/default/services.html: 0
[2014-03-17 13:54:49] CREATE db_comments.py: 0
[2014-03-17 13:55:33] EDIT init/models/db_comments.py: 3
[2014-03-17 13:56:10] CREATE comments.py: 0
[2014-03-17 13:56:24] EDIT init/controllers/comments.py: 4
[2014-03-17 13:57:49] CREATE comments/post.html: 0
[2014-03-17 13:57:57] EDIT init/views/comments/post.html: 5
[2014-03-17 13:59:57] CREATE comments/post.load: 0
[2014-03-17 14:00:12] EDIT init/views/comments/post.load: -13
[2014-03-17 14:01:58] EDIT init/views/default/services.html: 1
[2014-03-17 14:03:41] EDIT init/models/db_comments.py: 0
[2014-03-17 14:03:59] EDIT init/views/comments/post.html: 0
[2014-03-17 14:04:10] EDIT init/views/comments/post.load: 0
[2014-03-17 14:04:15] EDIT init/views/comments/post.load: 0
[2014-03-17 14:04:53] EDIT init/models/db_comments.py: 0
[2014-03-17 14:06:00] EDIT init/views/default/services.html: 3
[2014-03-17 14:06:41] EDIT init/views/default/services.html: 0
[2014-03-17 14:07:06] EDIT init/views/default/services.html: 0
[2014-03-17 14:08:35] EDIT init/views/default/services.html: 1
[2014-03-17 14:09:37] EDIT init/views/comments/post.load: 2
[2014-03-17 14:12:30] EDIT init/controllers/comments.py: 0
[2014-03-17 14:13:26] EDIT init/controllers/comments.py: 0
[2014-03-17 14:14:05] EDIT init/controllers/comments.py: 0
[2014-03-17 14:15:19] EDIT init/views/comments/post.html: 0
[2014-03-17 14:15:42] EDIT init/views/comments/post.load: 0
[2014-03-17 14:15:51] EDIT init/views/comments/post.html: 0
[2014-03-17 14:16:54] EDIT init/models/menu.py: 0
[2014-03-17 14:18:51] EDIT init/controllers/default.py: 4
[2014-03-17 14:20:44] EDIT init/views/default/services.html: 0
[2014-03-17 14:25:43] EDIT init/views/default/departments.html: 3
[2014-03-17 14:33:46] EDIT init/views/default/departments.html: 4
[2014-03-17 14:37:53] EDIT init/views/default/departments.html: 6
[2014-03-17 14:39:01] EDIT init/views/default/departments.html: 0
[2014-03-17 14:41:21] EDIT init/views/default/activities.html: 3
[2014-03-17 14:43:52] EDIT init/views/default/activities.html: 2
[2014-03-17 14:46:28] EDIT init/views/default/activities.html: 0
[2014-03-17 14:57:17] EDIT init/views/default/activities.html: 5
[2014-03-17 15:02:28] EDIT init/views/default/activities.html: 1
[2014-03-17 15:05:11] EDIT init/views/default/activities.html: 2
[2014-03-17 15:09:40] EDIT init/views/default/activities.html: 0
[2014-03-17 15:10:41] EDIT init/views/default/activities.html: 0
[2014-03-17 15:16:32] EDIT init/views/default/activities.html: 1
[2014-03-17 15:22:43] EDIT init/views/default/index.html: 1
[2014-03-17 15:23:09] EDIT init/views/default/index.html: 0
[2014-03-17 15:23:30] EDIT init/views/default/index.html: 0
[2014-03-17 15:38:13] EDIT init/models/menu.py: 0
[2014-03-17 15:38:50] EDIT init/views/default/joinus.html: 0
[2014-03-17 15:56:49] EDIT init/views/default/joinus.html: 184
[2014-03-17 15:58:08] EDIT init/views/default/joinus.html: 0
[2014-03-17 16:07:08] EDIT init/controllers/default.py: 0
[2014-03-17 16:08:31] EDIT init/controllers/default.py: 0
[2014-03-17 16:14:31] EDIT init/views/default/services.html: 0
[2014-03-17 16:21:41] EDIT init/controllers/default.py: 0
[2014-03-17 16:25:50] EDIT init/controllers/default.py: 0
[2014-03-17 16:43:40] EDIT init/models/menu.py: -2
[2014-03-17 17:01:36] EDIT init/models/menu.py: 1
[2014-03-17 17:08:24] EDIT init/controllers/default.py: 0
[2014-03-17 18:35:41] EDIT init/views/default/index.html: 1
[2014-03-20 11:46:50] EDIT init/views/layout.html: 0
[2014-03-20 11:54:32] EDIT init/models/menu.py: 0
[2014-03-20 11:56:02] EDIT init/models/menu.py: 0
[2014-03-20 11:56:45] EDIT init/models/menu.py: 0
[2014-03-20 11:57:37] EDIT init/models/menu.py: 0
[2014-03-20 11:58:09] EDIT init/views/layout.html: 2
[2014-03-20 12:01:36] EDIT init/views/layout.html: 2
[2014-03-20 12:03:50] EDIT init/models/menu.py: 0
[2014-03-20 12:04:08] EDIT init/models/menu.py: 0
[2014-03-20 12:04:24] EDIT init/models/menu.py: 0
[2014-03-20 12:04:39] EDIT init/models/menu.py: 0
[2014-03-20 12:05:19] EDIT init/models/menu.py: 0
[2014-03-20 12:08:08] EDIT init/models/menu.py: 0
[2014-03-20 12:08:23] EDIT init/models/menu.py: -1
[2014-03-20 12:12:10] EDIT init/views/layout.html: 5
[2014-03-20 12:13:20] EDIT init/views/layout.html: 1
[2014-03-20 12:14:06] EDIT init/views/layout.html: 0
[2014-03-20 12:14:27] EDIT init/views/layout.html: 0
[2014-03-20 12:15:13] EDIT init/views/layout.html: 0
[2014-03-20 12:22:43] EDIT init/views/layout.html: 0
[2014-03-20 12:23:08] EDIT init/views/layout.html: 0
[2014-03-20 12:45:16] EDIT init/controllers/default.py: 0
[2014-03-20 12:45:58] EDIT init/views/layout.html: 2
[2014-03-20 12:48:07] EDIT init/views/layout.html: 6
[2014-03-20 12:49:09] EDIT init/views/layout.html: 0
[2014-03-20 12:50:37] EDIT init/views/layout.html: 0
[2014-03-20 12:51:05] EDIT init/views/layout.html: -6
[2014-03-20 12:52:37] EDIT init/views/layout.html: 0
[2014-03-20 12:54:59] EDIT init/views/layout.html: 0
[2014-03-20 12:56:15] EDIT init/views/layout.html: -4
[2014-03-20 12:59:41] EDIT init/views/layout.html: 0
[2014-03-20 13:01:02] EDIT init/views/layout.html: 0
[2014-03-20 13:03:15] EDIT init/views/layout.html: 0
[2014-03-20 13:03:58] EDIT init/views/layout.html: -2
[2014-03-20 13:04:44] EDIT init/views/layout.html: -36
[2014-03-20 13:05:09] EDIT init/views/layout.html: -1
[2014-03-20 13:06:03] EDIT init/views/layout.html: -16
[2014-03-20 13:06:15] EDIT init/views/layout.html: -2
[2014-03-20 13:12:26] EDIT init/views/layout.html: 1
[2014-03-20 13:13:30] EDIT init/views/layout.html: 0
[2014-03-20 13:13:56] EDIT init/views/layout.html: 0
[2014-03-20 13:14:01] EDIT init/views/layout.html: 0
[2014-03-20 13:14:31] EDIT init/views/layout.html: 0
[2014-03-20 13:14:55] EDIT init/views/layout.html: 0
[2014-03-20 13:15:01] EDIT init/views/layout.html: 1
[2014-03-20 13:17:08] EDIT init/views/layout.html: -2
[2014-03-20 13:17:38] EDIT init/views/layout.html: -3
[2014-03-20 13:18:12] EDIT init/views/layout.html: 5
[2014-03-20 13:18:29] EDIT init/views/layout.html: 0
[2014-03-20 13:18:52] EDIT init/views/layout.html: 0
[2014-03-20 13:19:10] EDIT init/views/layout.html: -1
[2014-03-20 13:19:27] EDIT init/views/layout.html: 0
[2014-03-20 13:19:40] EDIT init/views/layout.html: -1
[2014-03-20 13:20:10] EDIT init/views/layout.html: 0
[2014-03-20 13:20:25] EDIT init/views/layout.html: 0
[2014-03-20 13:20:46] EDIT init/views/layout.html: 0
[2014-03-20 13:21:37] EDIT init/views/layout.html: -2
[2014-03-20 13:21:50] EDIT init/views/layout.html: 0
[2014-03-20 13:23:05] EDIT init/views/layout.html: 0
[2014-03-20 13:23:31] EDIT init/views/layout.html: 0
[2014-03-20 13:24:52] EDIT init/views/layout.html: 0
[2014-03-20 13:25:27] EDIT init/views/layout.html: 0
[2014-03-20 13:26:45] EDIT init/views/layout.html: 1
[2014-03-20 13:28:28] EDIT init/views/layout.html: 0
[2014-03-20 13:29:07] EDIT init/views/layout.html: -7
[2014-03-20 13:29:27] EDIT init/views/layout.html: 3
[2014-03-20 13:29:36] EDIT init/views/layout.html: 4
[2014-03-20 13:30:39] EDIT init/views/layout.html: -1
[2014-03-20 13:31:12] EDIT init/views/layout.html: 0
[2014-03-20 13:31:37] EDIT init/views/layout.html: 0
[2014-03-20 13:33:18] EDIT init/views/layout.html: 0
[2014-03-20 13:34:12] EDIT init/views/layout.html: 0
[2014-03-20 13:37:48] EDIT init/views/layout.html: 0
[2014-03-20 13:38:38] EDIT init/views/layout.html: 0
[2014-03-20 13:38:52] EDIT init/views/layout.html: 0
[2014-03-20 13:39:34] EDIT init/views/layout.html: 0
[2014-03-20 13:39:58] EDIT init/views/layout.html: 0
[2014-03-20 13:40:19] EDIT init/views/layout.html: 0
[2014-03-20 13:41:22] EDIT init/views/layout.html: 0
[2014-03-20 13:43:14] EDIT init/views/layout.html: 0
[2014-03-20 13:43:37] EDIT init/views/layout.html: 0
[2014-03-20 13:46:46] EDIT init/views/layout.html: 3
[2014-03-20 13:47:02] EDIT init/views/layout.html: 0
[2014-03-20 13:47:23] EDIT init/views/layout.html: 0
[2014-03-20 13:48:34] EDIT init/views/layout.html: -2
[2014-03-20 13:50:17] EDIT init/views/layout.html: 0
[2014-03-20 13:52:48] EDIT init/views/layout.html: 0
[2014-03-20 13:53:37] EDIT init/views/layout.html: 0
[2014-03-20 13:54:00] EDIT init/views/layout.html: 0
[2014-03-20 13:54:15] EDIT init/views/layout.html: 0
[2014-03-20 13:54:41] EDIT init/views/layout.html: 0
[2014-03-20 13:57:24] EDIT init/views/layout.html: 0
[2014-03-20 13:57:35] EDIT init/views/layout.html: 0
[2014-03-20 13:58:37] EDIT init/views/layout.html: 0
[2014-03-20 13:59:00] EDIT init/views/layout.html: 0
[2014-03-20 14:00:58] EDIT init/views/layout.html: 2
[2014-03-20 14:02:04] EDIT init/views/layout.html: 1
[2014-03-21 19:48:47] EDIT init/views/layout.html: 0
[2014-03-21 19:49:02] EDIT init/views/layout.html: 0
[2014-03-21 19:49:25] EDIT init/views/layout.html: 0
[2014-03-21 19:49:49] EDIT init/views/layout.html: 0
[2014-03-21 19:50:39] EDIT init/views/layout.html: 0
[2014-03-21 19:51:16] EDIT init/views/layout.html: 0
[2014-03-21 19:51:47] EDIT init/views/layout.html: 0
[2014-03-21 19:53:07] EDIT init/views/layout.html: -2
[2014-03-21 19:53:31] EDIT init/views/layout.html: -2
[2014-03-21 19:54:23] EDIT init/views/layout.html: -1
[2014-03-21 19:54:51] EDIT init/views/layout.html: 0
[2014-03-21 19:55:46] EDIT init/views/layout.html: 2
[2014-03-21 19:56:15] EDIT init/views/layout.html: -3
[2014-03-21 19:56:42] EDIT init/views/layout.html: 0
[2014-03-21 19:57:22] EDIT init/views/layout.html: 1
[2014-03-21 19:57:43] EDIT init/views/layout.html: 0
[2014-03-21 19:58:11] EDIT init/views/layout.html: 2
[2014-03-21 19:58:28] EDIT init/views/layout.html: 0
[2014-03-21 19:58:56] EDIT init/views/layout.html: 0
[2014-03-21 20:00:05] EDIT init/views/layout.html: -2
[2014-03-21 20:00:18] EDIT init/views/layout.html: 10
[2014-03-21 20:00:39] EDIT init/views/layout.html: 0
[2014-03-21 20:01:18] EDIT init/views/layout.html: -7
[2014-03-21 20:01:33] EDIT init/views/layout.html: 0
[2014-03-21 20:01:55] EDIT init/views/layout.html: 0
[2014-03-21 20:02:09] EDIT init/views/layout.html: 0
[2014-03-21 20:02:19] EDIT init/views/layout.html: 0
[2014-03-21 20:02:36] EDIT init/views/layout.html: 0
[2014-03-21 20:03:32] EDIT init/views/layout.html: 2
[2014-03-21 20:03:50] EDIT init/views/layout.html: 0
[2014-03-21 20:04:07] EDIT init/views/layout.html: 0
[2014-03-21 20:07:54] EDIT init/views/layout.html: 2
[2014-03-21 20:10:04] EDIT init/views/layout.html: 0
[2014-03-21 20:10:25] EDIT init/views/layout.html: 2
[2014-03-21 20:12:30] EDIT init/views/layout.html: 3
[2014-03-21 20:13:30] EDIT init/views/layout.html: 1
[2014-03-21 20:14:33] EDIT init/views/layout.html: 0
[2014-03-21 20:14:50] EDIT init/views/layout.html: 0
[2014-03-21 20:19:13] EDIT init/views/default/index.html: -72
[2014-03-21 20:21:18] EDIT init/views/default/index.html: 0
[2014-03-21 20:23:11] EDIT init/views/layout.html: -1
[2014-03-21 20:23:55] EDIT init/views/layout.html: 1
[2014-03-21 20:24:07] EDIT init/views/layout.html: 0
[2014-03-21 20:27:02] EDIT init/views/default/index.html: 0
[2014-03-21 20:28:46] EDIT init/views/default/index.html: 16
[2014-03-21 20:29:28] EDIT init/views/default/index.html: 0
[2014-03-21 20:30:46] EDIT init/views/default/index.html: 0
[2014-03-21 20:31:24] EDIT init/views/default/index.html: 0
[2014-03-21 20:32:08] EDIT init/views/default/index.html: 3
[2014-03-21 20:32:26] EDIT init/views/default/index.html: 0
[2014-03-21 20:33:54] EDIT init/views/default/index.html: 0
[2014-03-21 20:34:45] EDIT init/views/default/index.html: 0
[2014-03-21 20:35:11] EDIT init/views/default/index.html: 0
[2014-03-21 20:39:33] EDIT init/views/default/index.html: 2
[2014-03-21 20:39:55] EDIT init/views/default/index.html: 2
[2014-03-21 20:40:47] EDIT init/views/default/index.html: 0
[2014-03-21 20:41:07] EDIT init/views/default/index.html: 2
[2014-03-21 20:41:36] EDIT init/views/default/index.html: 0
[2014-03-21 20:42:55] EDIT init/views/default/index.html: 0
[2014-03-21 20:51:15] EDIT init/views/default/index.html: 0
[2014-03-21 20:51:28] EDIT init/views/default/index.html: 0
[2014-03-21 21:07:24] EDIT init/views/default/index.html: 0
[2014-03-21 21:08:42] EDIT init/views/default/index.html: 13
[2014-03-21 21:09:11] EDIT init/views/default/index.html: 2
[2014-03-21 21:09:26] EDIT init/views/default/index.html: 1
[2014-03-21 21:09:57] EDIT init/views/default/index.html: 0
[2014-03-21 21:10:51] EDIT init/views/default/index.html: 3
[2014-03-21 21:11:12] EDIT init/views/default/index.html: 0
[2014-03-21 21:28:54] EDIT init/views/default/index.html: 0
[2014-03-21 21:29:28] EDIT init/views/default/index.html: 0
[2014-03-21 21:30:15] EDIT init/views/default/index.html: 0
[2014-03-21 21:32:08] EDIT init/views/default/index.html: 0
[2014-03-21 21:32:26] EDIT init/views/default/index.html: 0
[2014-03-21 22:03:15] EDIT init/views/default/index.html: 1
[2014-03-21 22:04:26] EDIT init/views/default/index.html: 0
[2014-03-21 22:10:54] EDIT init/views/default/index.html: 2
[2014-03-21 22:12:58] EDIT init/views/default/index.html: 0
[2014-03-21 22:13:22] EDIT init/views/default/index.html: 0
[2014-03-21 22:13:54] EDIT init/views/default/index.html: 0
[2014-03-21 22:14:03] EDIT init/views/default/index.html: 0
[2014-03-21 22:15:34] EDIT init/views/default/index.html: 0
[2014-03-21 22:15:55] EDIT init/views/default/index.html: 0
[2014-03-21 22:18:28] EDIT init/views/default/index.html: 3
[2014-03-21 22:21:55] EDIT init/views/default/index.html: 3
[2014-03-21 22:23:08] EDIT init/views/default/index.html: 0
[2014-03-21 22:23:53] EDIT init/views/default/index.html: 0
[2014-03-21 22:24:28] EDIT init/views/default/index.html: 0
[2014-03-21 22:25:20] EDIT init/views/default/index.html: 0
[2014-03-21 22:26:04] EDIT init/views/default/index.html: 1
[2014-03-21 22:27:01] EDIT init/views/default/index.html: 0
[2014-03-21 22:27:20] EDIT init/views/default/index.html: 0
[2014-03-21 22:28:42] EDIT init/views/default/index.html: 2
[2014-03-21 22:29:50] EDIT init/views/default/index.html: -2
[2014-03-21 22:29:59] EDIT init/views/default/index.html: 0
[2014-03-21 22:31:05] EDIT init/views/default/index.html: 0
[2014-03-21 22:33:25] EDIT init/views/default/index.html: -2
[2014-03-21 22:34:58] EDIT init/views/default/index.html: 0
[2014-03-21 22:36:06] EDIT init/views/default/index.html: 0
[2014-03-21 22:38:07] EDIT init/views/default/index.html: 11
[2014-03-21 22:54:17] EDIT init/views/default/index.html: 0
[2014-03-21 22:55:27] EDIT init/views/default/index.html: 0
[2014-03-21 22:56:14] EDIT init/views/default/index.html: -1
[2014-03-21 22:58:18] EDIT init/views/default/index.html: 1
[2014-03-21 23:07:12] EDIT init/views/default/index.html: 10
[2014-03-21 23:09:44] EDIT init/views/default/index.html: 0
[2014-03-21 23:10:43] EDIT init/views/default/index.html: 0
[2014-03-21 23:16:58] EDIT init/views/default/index.html: 6
[2014-03-21 23:17:25] EDIT init/views/default/index.html: 0
[2014-03-21 23:17:55] EDIT init/views/default/index.html: -1
[2014-03-21 23:18:47] EDIT init/views/default/index.html: -2
[2014-03-21 23:19:02] EDIT init/views/default/index.html: 0
[2014-03-21 23:19:16] EDIT init/views/default/index.html: 0
[2014-03-23 13:15:31] EDIT init/views/default/index.html: 0
[2014-03-23 13:43:59] EDIT init/views/default/index.html: 0
[2014-03-23 13:44:26] EDIT init/views/default/index.html: 0
[2014-03-23 23:57:39] EDIT init/views/default/index.html: 0
[2014-03-23 23:59:23] EDIT init/views/default/index.html: 0
[2014-03-24 00:01:36] EDIT init/views/default/index.html: 0
[2014-03-24 00:02:19] EDIT init/views/default/index.html: 0
[2014-03-24 00:03:29] EDIT init/views/default/index.html: 0
[2014-03-24 00:03:45] EDIT init/views/default/index.html: 0
[2014-03-24 00:10:17] EDIT init/views/default/index.html: 1
[2014-03-24 00:10:18] EDIT init/views/default/index.html: 0
[2014-03-24 00:10:44] EDIT init/views/default/index.html: 0
[2014-03-24 00:12:51] EDIT init/views/default/index.html: 5
[2014-03-24 00:13:36] EDIT init/views/default/index.html: 0
[2014-03-24 00:15:03] EDIT init/views/default/index.html: -1
[2014-03-24 00:15:42] EDIT init/views/default/index.html: 0
[2014-03-24 00:16:17] EDIT init/views/default/index.html: 1
[2014-03-24 00:16:51] EDIT init/views/default/index.html: -1
[2014-03-24 00:17:42] EDIT init/views/default/index.html: 0
[2014-03-24 00:18:11] EDIT init/views/default/index.html: 1
[2014-03-24 00:20:20] EDIT init/views/default/index.html: 0
[2014-03-24 00:21:36] DELETE init/models/db_comments.py: -3
[2014-03-24 00:28:06] EDIT init/models/db.py: -56
[2014-03-24 00:28:45] EDIT init/models/menu.py: -12
[2014-03-24 00:28:58] DELETE init/controllers/comments.py: -5
[2014-03-24 00:29:07] DELETE init/views/comments/post.html: -8
[2014-03-24 00:29:11] DELETE init/views/comments/post.load: -9
[2014-03-24 00:29:23] DELETE init/views/default/wiki.html: -2
[2014-03-24 00:31:40] EDIT init/controllers/default.py: -150
[2014-05-14 12:43:42] EDIT init/views/default/index.html: -20
[2014-05-14 12:43:56] EDIT init/views/default/index.html: -7
[2014-05-14 14:26:00] EDIT init/models/menu.py: 2
[2014-05-14 14:26:01] EDIT init/models/menu.py: 0
[2014-05-14 14:33:48] EDIT init/models/menu.py: 0
[2014-05-14 14:33:49] EDIT init/models/menu.py: 0
[2014-05-14 14:38:09] EDIT init/models/menu.py: 0
[2014-05-14 14:38:10] EDIT init/models/menu.py: 0
[2014-05-14 14:40:29] EDIT init/controllers/appadmin.py: 3
[2014-05-14 22:39:49] EDIT init/models/menu.py: 0
[2014-05-14 22:42:35] EDIT init/models/menu.py: 2
[2014-05-14 22:42:44] EDIT init/models/menu.py: 0
[2014-05-14 22:42:50] EDIT init/models/menu.py: 0
[2014-05-14 22:57:57] EDIT init/models/menu.py: 2
[2014-05-14 22:58:05] EDIT init/models/menu.py: 0
[2014-05-14 23:05:16] EDIT init/views/default/index.html: 0
[2014-05-14 23:08:04] EDIT init/views/default/index.html: -3
[2014-05-14 23:08:28] EDIT init/views/default/index.html: -6
[2014-08-21 21:02:18] EDIT init/views/layout.html: 0
[2014-08-21 21:03:01] EDIT init/views/layout.html: 0
[2014-08-21 21:03:03] EDIT init/views/layout.html: 0
[2014-08-21 21:09:02] EDIT init/views/layout.html: 0
[2014-08-21 21:09:31] EDIT init/views/layout.html: 0
[2014-08-21 21:09:46] EDIT init/views/layout.html: 0
[2014-08-21 21:09:48] EDIT init/views/layout.html: 0
[2014-08-21 21:10:08] EDIT init/views/layout.html: 0
[2014-08-21 21:11:02] EDIT init/views/layout.html: 0
[2014-08-21 21:15:25] EDIT init/views/layout.html: 0
[2014-08-21 21:18:16] EDIT init/views/layout.html: -1
[2014-08-21 21:18:48] EDIT init/views/layout.html: 1
[2014-08-21 21:20:24] EDIT init/views/layout.html: 0
[2014-08-21 21:22:29] EDIT init/views/layout.html: 0
[2014-08-21 21:23:36] EDIT init/views/layout.html: -1
[2014-08-21 21:24:30] EDIT init/views/layout.html: 1
[2014-08-21 21:27:23] EDIT init/views/layout.html: -36
[2014-08-21 21:27:25] EDIT init/views/layout.html: 0
[2014-08-21 21:29:07] EDIT init/views/layout.html: -1
[2014-08-21 21:29:51] EDIT init/views/layout.html: 1
[2014-08-21 21:30:55] EDIT init/views/layout.html: 0
[2014-08-21 21:33:05] EDIT init/views/layout.html: 0
[2014-08-21 21:34:01] EDIT init/views/layout.html: 0
[2014-08-21 21:35:40] EDIT init/views/layout.html: 0
[2014-08-21 21:48:48] EDIT init/views/layout.html: 0
[2014-08-22 12:21:01] EDIT init/views/default/index.html: -6
[2014-08-22 12:21:37] EDIT init/views/default/index.html: -6
[2014-08-22 12:23:25] EDIT init/views/default/index.html: 0
[2014-08-22 12:24:00] EDIT init/views/default/index.html: 0
[2014-08-22 12:25:50] EDIT init/views/default/index.html: 0
[2014-08-22 12:26:15] EDIT init/views/default/index.html: 0
[2014-08-22 12:26:43] EDIT init/views/default/index.html: 0
[2014-08-22 12:27:13] EDIT init/views/default/index.html: 0
[2014-08-22 12:27:21] EDIT init/views/default/index.html: 0
[2014-08-22 12:27:36] EDIT init/views/default/index.html: 0
[2014-08-22 12:28:05] EDIT init/views/default/index.html: 0
[2014-08-22 12:28:19] EDIT init/views/default/index.html: 0
[2014-08-22 12:28:31] EDIT init/views/default/index.html: 0
[2014-08-22 12:28:52] EDIT init/views/default/index.html: 0
[2014-08-22 12:29:22] EDIT init/views/default/index.html: 0
[2014-08-22 12:29:44] EDIT init/views/default/index.html: 0
[2014-08-22 12:29:54] EDIT init/views/default/index.html: 0
[2014-08-22 12:30:38] EDIT init/views/default/index.html: 0
[2014-08-22 12:30:51] EDIT init/views/default/index.html: 0
[2014-08-22 12:31:13] EDIT init/views/default/index.html: 0
[2014-08-22 12:31:38] EDIT init/views/default/index.html: 0
[2014-08-22 12:31:57] EDIT init/views/default/index.html: 0
[2014-08-22 12:32:29] EDIT init/views/default/index.html: 0
[2014-08-22 12:32:42] EDIT init/views/default/index.html: 0
[2014-08-22 12:32:53] EDIT init/views/default/index.html: 0
[2014-08-22 12:33:14] EDIT init/views/default/index.html: -2
[2014-08-22 12:33:23] EDIT init/views/default/index.html: 0
[2014-08-22 12:33:31] EDIT init/views/default/index.html: 0
[2014-08-22 12:35:11] EDIT init/views/default/index.html: 0
[2014-08-22 12:35:40] EDIT init/views/default/index.html: 0
[2014-08-22 12:36:00] EDIT init/views/default/index.html: 0
[2014-08-22 12:36:22] EDIT init/views/default/index.html: 0
[2014-08-22 12:36:37] EDIT init/views/default/index.html: 0
[2014-08-22 12:36:51] EDIT init/views/default/index.html: 0
[2014-08-22 12:37:20] EDIT init/views/default/index.html: 0
[2014-08-22 12:38:45] EDIT init/views/default/index.html: 0
[2014-08-22 12:39:05] EDIT init/views/default/index.html: 0
[2014-08-22 12:39:41] EDIT init/views/default/index.html: 0
[2014-08-22 12:40:11] EDIT init/views/default/index.html: 0
[2014-08-22 12:40:29] EDIT init/views/default/index.html: 0
[2014-08-22 12:41:12] EDIT init/views/default/index.html: 0
[2014-08-22 12:41:47] EDIT init/views/default/index.html: 0
[2014-08-22 12:42:20] EDIT init/views/default/index.html: 0
[2014-08-22 12:42:36] EDIT init/views/default/index.html: 0
[2014-08-22 12:42:45] EDIT init/views/default/index.html: 0
[2014-08-22 12:43:12] EDIT init/views/default/index.html: 0
[2014-08-22 12:43:37] EDIT init/views/default/index.html: 0
[2014-08-22 12:44:21] EDIT init/views/default/index.html: 0
[2014-08-22 12:45:19] EDIT init/views/default/index.html: 0
[2014-08-22 12:45:28] EDIT init/views/default/index.html: 0
[2014-08-22 12:45:43] EDIT init/views/default/index.html: 0
[2014-08-22 12:46:17] EDIT init/views/default/index.html: 0
[2014-08-22 12:46:27] EDIT init/views/default/index.html: 0
[2014-08-22 12:47:12] EDIT init/views/default/index.html: 0
[2014-08-22 12:47:57] EDIT init/views/default/index.html: 0
[2014-08-22 12:48:30] EDIT init/views/default/index.html: 0
[2014-08-22 13:19:47] EDIT init/views/default/index.html: 0
[2014-08-22 13:20:03] EDIT init/views/default/index.html: 0
[2014-08-22 13:20:13] EDIT init/views/default/index.html: 0
[2014-08-22 13:24:31] EDIT init/views/default/index.html: 0
[2014-08-22 13:24:36] EDIT init/views/default/index.html: 0
[2014-08-22 13:25:13] EDIT init/views/default/index.html: 0
[2014-08-22 13:25:22] EDIT init/views/default/index.html: 0
[2014-08-22 13:25:26] EDIT init/views/default/index.html: 0
[2014-08-22 13:25:49] EDIT init/views/default/index.html: 0
[2014-08-22 13:25:56] EDIT init/views/default/index.html: 0
[2014-08-22 16:36:41] EDIT init/views/default/index.html: 0
[2014-08-22 16:37:05] EDIT init/views/default/index.html: 0
[2014-08-22 17:02:30] EDIT init/views/default/index.html: 0
[2014-08-22 17:15:32] EDIT init/views/default/index.html: 0
[2014-08-22 17:17:03] EDIT init/views/default/index.html: 10
[2014-08-22 17:42:28] EDIT init/views/default/index.html: 1
[2014-08-22 17:42:44] EDIT init/views/default/index.html: 0
[2014-08-22 17:43:11] EDIT init/views/default/index.html: 0
[2014-08-22 17:43:24] EDIT init/views/default/index.html: 0
[2014-08-22 17:44:04] EDIT init/views/default/index.html: 0
[2014-08-22 17:44:33] EDIT init/views/default/index.html: 0
[2014-08-22 17:51:51] EDIT init/views/default/index.html: 1
[2014-08-22 18:23:40] EDIT init/views/default/index.html: -3
[2014-08-22 18:26:20] EDIT init/models/menu.py: 0
[2014-08-22 18:31:02] EDIT init/models/menu.py: 0
[2014-08-22 18:37:10] EDIT init/models/menu.py: -1
[2014-08-22 18:37:23] EDIT init/models/menu.py: 0
[2014-08-22 18:38:03] EDIT init/models/menu.py: 0
[2014-08-22 18:41:29] EDIT init/models/menu.py: 0
[2014-08-22 19:50:37] EDIT init/static/css/web2py.css: 1
[2014-08-22 19:50:50] EDIT init/static/css/web2py.css: 0
[2014-08-22 19:53:17] EDIT init/views/layout.html: 2
[2014-08-22 19:53:32] EDIT init/views/layout.html: 0
[2014-08-22 19:54:45] EDIT init/static/css/web2py.css: 0
[2014-08-22 19:55:05] EDIT init/static/css/web2py.css: 0
[2014-08-22 19:55:36] EDIT init/static/css/web2py.css: 0
[2014-08-22 19:55:56] EDIT init/static/css/web2py.css: 0
[2014-08-22 19:56:04] EDIT init/views/layout.html: 0
[2014-08-22 19:56:22] EDIT init/views/layout.html: 0
[2014-08-22 19:56:59] EDIT init/static/css/web2py.css: -1
[2014-08-22 19:57:41] EDIT init/static/css/web2py.css: 0
[2014-08-22 19:58:07] EDIT init/static/css/web2py.css: 0
[2014-08-22 19:58:21] EDIT init/static/css/web2py.css: 0
[2014-08-22 19:58:32] EDIT init/static/css/web2py.css: 0
[2014-08-22 19:58:47] EDIT init/static/css/web2py.css: 0
[2014-08-22 20:06:43] EDIT init/static/css/web2py.css: 3
[2014-08-22 20:07:14] EDIT init/static/css/web2py.css: 0
[2014-08-22 20:07:30] EDIT init/static/css/web2py.css: 0
[2014-08-22 20:07:41] EDIT init/static/css/web2py.css: 0
[2014-08-22 20:09:53] EDIT init/static/css/web2py.css: -2
[2014-08-22 20:16:55] EDIT init/static/css/web2py.css: 0
[2014-08-22 20:18:27] EDIT init/static/css/web2py.css: 0
[2014-08-22 20:20:46] EDIT init/static/css/web2py.css: 0
[2014-08-22 20:22:27] EDIT init/static/css/web2py.css: 0
[2014-08-22 20:30:56] EDIT init/static/css/web2py.css: 0
[2014-08-22 20:31:08] EDIT init/static/css/web2py.css: 0
[2014-08-22 20:31:11] EDIT init/views/layout.html: 0
[2014-08-22 20:31:27] EDIT init/static/css/web2py.css: 0
[2014-08-22 20:55:49] EDIT init/static/css/web2py.css: 0
[2014-08-22 20:56:54] EDIT init/static/css/web2py.css: 0
[2014-08-22 20:58:14] EDIT init/views/layout.html: 0
[2014-08-22 20:58:38] EDIT init/views/layout.html: 0
[2014-08-22 21:01:06] EDIT init/views/layout.html: 0
[2014-08-22 21:02:00] EDIT init/views/layout.html: 0
[2014-08-22 21:02:22] EDIT init/views/layout.html: 0
[2014-08-22 21:02:41] EDIT init/views/layout.html: 0
[2014-08-22 21:03:04] EDIT init/views/layout.html: 0
[2014-08-22 21:03:27] EDIT init/views/layout.html: 0
[2014-08-22 21:03:54] EDIT init/views/layout.html: 0
[2014-08-22 21:04:17] EDIT init/views/layout.html: 0
[2014-08-22 21:04:44] EDIT init/views/layout.html: 0
[2014-08-22 21:05:13] EDIT init/views/layout.html: 0
[2014-08-22 21:21:07] EDIT init/static/bootstrap/css/bootstrap.css: 0
[2014-08-22 21:21:17] EDIT init/static/bootstrap/css/bootstrap.css: 0
[2014-08-22 21:21:26] EDIT init/static/bootstrap/css/bootstrap.css: 0
[2014-08-22 21:22:06] EDIT init/views/layout.html: 0
[2014-08-22 21:22:36] EDIT init/views/layout.html: 0
[2014-08-22 21:24:47] EDIT init/static/bootstrap/css/bootstrap.css: 0
[2014-08-22 21:25:03] EDIT init/static/bootstrap/css/bootstrap.css: 0
[2014-08-22 21:25:16] EDIT init/views/layout.html: 0
[2014-08-22 21:26:05] EDIT init/static/css/web2py.css: 11
[2014-08-22 21:26:20] EDIT init/static/css/web2py.css: 0
[2014-08-22 21:26:48] EDIT init/static/bootstrap/css/bootstrap.css: 0
[2014-08-22 21:27:00] EDIT init/views/layout.html: 0
[2014-08-22 21:27:28] EDIT init/views/layout.html: 0
[2014-08-22 21:27:43] EDIT init/views/layout.html: 0
[2014-08-22 22:46:52] EDIT init/static/css/web2py.css: 0
[2014-08-22 23:28:02] EDIT init/views/default/index.html: 0
[2014-08-22 23:30:05] EDIT init/views/default/index.html: 0
[2014-08-31 15:39:21] EDIT init/views/default/index.html: 0
[2014-08-31 15:40:02] EDIT init/views/default/index.html: 0
[2014-08-31 15:43:09] EDIT init/views/default/index.html: 0
[2014-08-31 15:43:20] EDIT init/views/default/index.html: 0
[2014-08-31 15:44:13] EDIT init/views/default/index.html: 0
[2014-08-31 16:06:40] EDIT init/views/default/index.html: 1
[2014-08-31 16:07:42] EDIT init/views/default/index.html: 2
[2014-08-31 16:08:13] EDIT init/views/default/index.html: 0
[2014-08-31 16:14:27] EDIT init/views/default/index.html: -1
[2014-08-31 16:14:48] EDIT init/views/default/index.html: 0
